<?xml version="1.0" encoding="UTF-8"?>
<testsuite xmlns:xsi="http://www.w3.org/2001/XMLSchema-instance" xsi:noNamespaceSchemaLocation="https://maven.apache.org/surefire/maven-surefire-plugin/xsd/surefire-test-report-3.0.xsd" version="3.0" name="com.rplbo.app.NLPServiceTest" time="0.001" tests="4" errors="0" skipped="0" failures="0">
  <properties>
[...]
</properties>
  <testcase name="testProductDetailKeywordExtraction" classname="com.rplbo.app.NLPServiceTest" time="0.0"/>
  <testcase name="testDualIntentBudgetAndRockCharacter" classname="com.rplbo.app.NLPServiceTest" time="0.0"/>
  <testcase name="testOrderNumberWithDatabaseStyleLabel" classname="com.rplbo.app.NLPServiceTest" time="0.0"/>
  <testcase name="testStrictBudgetTokenWithSuffix" classname="com.rplbo.app.NLPServiceTest" time="0.0"/>
</testsuite>